#-----------------------------------------------------------
# Vivado v2018.2 (64-bit)
# SW Build 2258646 on Thu Jun 14 20:02:38 MDT 2018
# IP Build 2256618 on Thu Jun 14 22:10:49 MDT 2018
# Start of session at: Mon Jun 10 14:23:33 2024
# Process ID: 26499
# Current directory: /home/student/Documents/gpio/UET-RVMCU/sdk
# Command line: vivado
# Log file: /home/student/Documents/gpio/UET-RVMCU/sdk/vivado.log
# Journal file: /home/student/Documents/gpio/UET-RVMCU/sdk/vivado.jou
#-----------------------------------------------------------
start_gui
create_project project_1 /home/student/Documents/gpio/project_1 -part xc7a100tcsg324-1
INFO: [IP_Flow 19-234] Refreshing IP repositories
INFO: [IP_Flow 19-1704] No user IP repositories specified
INFO: [IP_Flow 19-2313] Loaded Vivado IP repository '/home/student/Xilinx/Vivado/2018.2/data/ip'.
add_files {/home/student/Documents/gpio/UET-RVMCU/rtl/defines/mem_defs.svh /home/student/Documents/gpio/UET-RVMCU/rtl/peripherals/plic/plic_gateway.sv /home/student/Documents/gpio/UET-RVMCU/rtl/soc_top.sv /home/student/Documents/gpio/UET-RVMCU/rtl/core/forward_stall.sv /home/student/Documents/gpio/UET-RVMCU/rtl/core/lsu.sv /home/student/Documents/gpio/UET-RVMCU/rtl/peripherals/gpio/gpio_special.sv /home/student/Documents/gpio/UET-RVMCU/rtl/defines/csr_defs.svh /home/student/Documents/gpio/UET-RVMCU/rtl/defines/plic_defs.svh /home/student/Documents/gpio/UET-RVMCU/rtl/defines/pcore_interface_defs.svh /home/student/Documents/gpio/UET-RVMCU/rtl/core/csr.sv /home/student/Documents/gpio/UET-RVMCU/rtl/core/divider.sv /home/student/Documents/gpio/UET-RVMCU/rtl/core/divide.sv /home/student/Documents/gpio/UET-RVMCU/rtl/core/writeback.sv /home/student/Documents/gpio/UET-RVMCU/rtl/defines/gpio_defs.svh /home/student/Documents/gpio/UET-RVMCU/rtl/defines/m_ext_defs.svh /home/student/Documents/gpio/UET-RVMCU/rtl/core/decode.sv /home/student/Documents/gpio/UET-RVMCU/rtl/peripherals/plic/plic_regs.sv /home/student/Documents/gpio/UET-RVMCU/rtl/memory/memory.sv /home/student/Documents/gpio/UET-RVMCU/rtl/defines/pcore_config_defs.svh /home/student/Documents/gpio/UET-RVMCU/rtl/peripherals/plic/plic_target.sv /home/student/Documents/gpio/UET-RVMCU/rtl/peripherals/gpio/gpio.sv /home/student/Documents/gpio/UET-RVMCU/rtl/peripherals/gpio/gpio_top.sv /home/student/Documents/gpio/UET-RVMCU/rtl/core/fetch.sv /home/student/Documents/gpio/UET-RVMCU/rtl/interconnect/dbus_interconnect.sv /home/student/Documents/gpio/UET-RVMCU/rtl/peripherals/plic/plic_top.sv /home/student/Documents/gpio/UET-RVMCU/rtl/core/pipeline_top.sv /home/student/Documents/gpio/UET-RVMCU/rtl/defines/a_ext_defs.svh /home/student/Documents/gpio/UET-RVMCU/rtl/core/reg_file.sv /home/student/Documents/gpio/UET-RVMCU/rtl/peripherals/clint/clint.sv /home/student/Documents/gpio/UET-RVMCU/rtl/core/execute.sv /home/student/Documents/gpio/UET-RVMCU/rtl/core/amo.sv}
update_compile_order -fileset sources_1
update_compile_order -fileset sources_1
launch_runs synth_1 -jobs 8
[Mon Jun 10 14:26:12 2024] Launched synth_1...
Run output will be captured here: /home/student/Documents/gpio/project_1/project_1.runs/synth_1/runme.log
launch_runs: Time (s): cpu = 00:00:12 ; elapsed = 00:00:18 . Memory (MB): peak = 6256.812 ; gain = 17.734 ; free physical = 2281 ; free virtual = 12936
reset_run synth_1
launch_runs synth_1 -jobs 8
[Mon Jun 10 14:28:58 2024] Launched synth_1...
Run output will be captured here: /home/student/Documents/gpio/project_1/project_1.runs/synth_1/runme.log
launch_runs: Time (s): cpu = 00:00:02 ; elapsed = 00:00:18 . Memory (MB): peak = 6289.844 ; gain = 0.000 ; free physical = 1874 ; free virtual = 12582
launch_runs impl_1 -jobs 8
[Mon Jun 10 14:30:44 2024] Launched impl_1...
Run output will be captured here: /home/student/Documents/gpio/project_1/project_1.runs/impl_1/runme.log
launch_runs: Time (s): cpu = 00:00:00.80 ; elapsed = 00:00:18 . Memory (MB): peak = 6291.832 ; gain = 0.000 ; free physical = 2088 ; free virtual = 12761
